<?xml version="1.0" encoding="UTF-8" standalone="no"?><testsuite errors="1" failures="0" name="Probar la pagina demo Serenity" skipped="0" tests="1" time="33.56" timestamp="2023-02-16 10:40:23"><testcase name="Buscar un cliente"><error message="Cannot invoke &quot;net.serenitybdd.core.pages.WebElementFacade.clear()&quot; because the return value of &quot;pages.InicioPage.getTxtUser()&quot; is null" type="java.lang.NullPointerException">Cannot invoke "net.serenitybdd.core.pages.WebElementFacade.clear()" because the return value of "pages.InicioPage.getTxtUser()" is null</error><system-err>Cannot invoke "net.serenitybdd.core.pages.WebElementFacade.clear()" because the return value of "pages.InicioPage.getTxtUser()" is null&#13;
Steps.BuscarClienteStep.BuscarCliente(BuscarClienteStep.java:32)&#13;
Definitions.BuscarClienteDefinition.elUsuarioIntroduceUnDeClienteEnLaBarraDeBusqueda(BuscarClienteDefinition.java:16)&#13;
✽.el usuario introduce un "ALFKI" de cliente en la barra de busqueda(file:///C:/Users/deniw/Documents/Intellij/pruebas_2/src/test/resources/Features/buscarCliente.feature:10)&#13;
</system-err></testcase></testsuite>